Arguments: 
  /usr/bin/node /usr/share/yarn/bin/yarn.js install

PATH: 
  /usr/local/sbin:/usr/local/bin:/usr/sbin:/usr/bin:/sbin:/bin:/usr/games:/usr/local/games:/snap/bin

Yarn version: 
  1.22.15

Node version: 
  16.13.0

Platform: 
  linux x64

Trace: 
  Error: getaddrinfo EAI_AGAIN registry.npmjs.org
      at GetAddrInfoReqWrap.onlookup [as oncomplete] (node:dns:71:26)

npm manifest: 
  {
    "name": "hello-world",
    "version": "1.0.0",
    "description": "",
    "main": "dist/index.js",
    "scripts": {
      "build": "tsc -b",
      "prepack": "rm -rf dist && npm build",
      "test": "jest",
      "codegen": "./node_modules/.bin/subql codegen"
    },
    "homepage": "https://github.com/subquery/subql-starter",
    "repository": "github:subquery/subql-starter",
    "files": [
      "dist",
      "schema.graphql",
      "project.yaml"
    ],
    "author": "Anton Popkov",
    "license": "Apache-2.0",
    "devDependencies": {
      "@polkadot/api": "^6",
      "@subql/types": "latest",
      "typescript": "4.4.4",
      "@subql/cli": "latest"
    }
  }

yarn manifest: 
  No manifest

Lockfile: 
  No lockfile
